<?xml version="1.0" encoding="UTF-8"?>
<testsuite name="TC_7_Pagination" tests="1" skipped="0" failures="0" errors="0" timestamp="2021-08-03T11:08:28" hostname="DESKTOP-UP60NKH" time="18.937">
  <properties/>
  <testcase name="listingCamerasData()" classname="TC_7_Pagination" time="18.937"/>
  <system-out><![CDATA[pagination exists
]]></system-out>
  <system-err><![CDATA[Starting ChromeDriver 92.0.4515.107 (87a818b10553a07434ea9e2b6dccf3cbe7895134-refs/branch-heads/4515@{#1634}) on port 16233
Only local connections are allowed.
Please see https://chromedriver.chromium.org/security-considerations for suggestions on keeping ChromeDriver safe.
ChromeDriver was started successfully.
aug. 03, 2021 1:08:27 DU org.openqa.selenium.remote.ProtocolHandshake createSession
INFO: Detected dialect: W3C
aug. 03, 2021 1:08:28 DU org.openqa.selenium.devtools.CdpVersionFinder findNearestMatch
WARNING: Unable to find an exact match for CDP version 92, so returning the closest version found: 91
aug. 03, 2021 1:08:28 DU org.openqa.selenium.devtools.CdpVersionFinder findNearestMatch
INFO: Found CDP implementation for version 92 of 91
]]></system-err>
</testsuite>
