<?xml version="1.0" encoding="UTF-8"?>
<testsuite name="TC_9_Repetitive_Data_Entry_From_External_Source" tests="3" skipped="0" failures="0" errors="0" timestamp="2021-08-03T11:09:17" hostname="DESKTOP-UP60NKH" time="45.992">
  <properties/>
  <testcase name="addNewAddresses(String, String, String, String, String, String)[1]" classname="TC_9_Repetitive_Data_Entry_From_External_Source" time="17.442"/>
  <testcase name="addNewAddresses(String, String, String, String, String, String)[2]" classname="TC_9_Repetitive_Data_Entry_From_External_Source" time="14.159"/>
  <testcase name="addNewAddresses(String, String, String, String, String, String)[3]" classname="TC_9_Repetitive_Data_Entry_From_External_Source" time="14.338"/>
  <system-out><![CDATA[]]></system-out>
  <system-err><![CDATA[Starting ChromeDriver 92.0.4515.107 (87a818b10553a07434ea9e2b6dccf3cbe7895134-refs/branch-heads/4515@{#1634}) on port 6700
Only local connections are allowed.
Please see https://chromedriver.chromium.org/security-considerations for suggestions on keeping ChromeDriver safe.
ChromeDriver was started successfully.
aug. 03, 2021 1:09:16 DU org.openqa.selenium.remote.ProtocolHandshake createSession
INFO: Detected dialect: W3C
aug. 03, 2021 1:09:16 DU org.openqa.selenium.devtools.CdpVersionFinder findNearestMatch
WARNING: Unable to find an exact match for CDP version 92, so returning the closest version found: 91
aug. 03, 2021 1:09:16 DU org.openqa.selenium.devtools.CdpVersionFinder findNearestMatch
INFO: Found CDP implementation for version 92 of 91
]]></system-err>
</testsuite>
