<?xml version="1.0" encoding="UTF-8"?>
<testsuite name="TC_9_Repetitive_Data_Entry_From_External_Source" tests="3" skipped="0" failures="0" errors="0" timestamp="2021-08-04T09:58:47" hostname="DESKTOP-UP60NKH" time="46.044">
  <properties/>
  <testcase name="addNewAddresses(String, String, String, String, String, String)[1]" classname="TC_9_Repetitive_Data_Entry_From_External_Source" time="17.576"/>
  <testcase name="addNewAddresses(String, String, String, String, String, String)[2]" classname="TC_9_Repetitive_Data_Entry_From_External_Source" time="14.249"/>
  <testcase name="addNewAddresses(String, String, String, String, String, String)[3]" classname="TC_9_Repetitive_Data_Entry_From_External_Source" time="14.17"/>
  <system-out><![CDATA[]]></system-out>
  <system-err><![CDATA[Starting ChromeDriver 92.0.4515.107 (87a818b10553a07434ea9e2b6dccf3cbe7895134-refs/branch-heads/4515@{#1634}) on port 18924
Only local connections are allowed.
Please see https://chromedriver.chromium.org/security-considerations for suggestions on keeping ChromeDriver safe.
ChromeDriver was started successfully.
aug. 04, 2021 11:58:46 DE org.openqa.selenium.remote.ProtocolHandshake createSession
INFO: Detected dialect: W3C
aug. 04, 2021 11:58:46 DE org.openqa.selenium.devtools.CdpVersionFinder findNearestMatch
WARNING: Unable to find an exact match for CDP version 92, so returning the closest version found: 91
aug. 04, 2021 11:58:46 DE org.openqa.selenium.devtools.CdpVersionFinder findNearestMatch
INFO: Found CDP implementation for version 92 of 91
aug. 04, 2021 11:59:36 DE org.openqa.selenium.os.OsProcess destroy
SEVERE: Unable to kill process java.lang.ProcessImpl@44071e90
]]></system-err>
</testsuite>
