<?xml version="1.0" encoding="UTF-8"?>
<testsuite name="TC_10_Existing_Data_Modification" tests="1" skipped="0" failures="0" errors="0" timestamp="2021-07-28T22:11:53" hostname="DESKTOP-UP60NKH" time="35.897">
  <properties/>
  <testcase name="modifyExistingData()" classname="TC_10_Existing_Data_Modification" time="35.897"/>
  <system-out><![CDATA[]]></system-out>
  <system-err><![CDATA[Starting ChromeDriver 92.0.4515.43 (8c61b7e2989f2990d42f859cac71319137787cce-refs/branch-heads/4515@{#306}) on port 47015
Only local connections are allowed.
Please see https://chromedriver.chromium.org/security-considerations for suggestions on keeping ChromeDriver safe.
ChromeDriver was started successfully.
júl. 29, 2021 12:12:10 DE org.openqa.selenium.remote.ProtocolHandshake createSession
INFO: Detected dialect: W3C
júl. 29, 2021 12:12:11 DE org.openqa.selenium.devtools.CdpVersionFinder findNearestMatch
WARNING: Unable to find an exact match for CDP version 92, so returning the closest version found: 91
júl. 29, 2021 12:12:11 DE org.openqa.selenium.devtools.CdpVersionFinder findNearestMatch
INFO: Found CDP implementation for version 92 of 91
]]></system-err>
</testsuite>
