<?xml version="1.0" encoding="UTF-8"?>
<testsuite name="TC_6_Listing_Data" tests="1" skipped="0" failures="0" errors="0" timestamp="2021-07-28T20:35:34" hostname="DESKTOP-UP60NKH" time="7.081">
  <properties/>
  <testcase name="listingCamerasData()" classname="TC_6_Listing_Data" time="7.081"/>
  <system-out><![CDATA[]]></system-out>
  <system-err><![CDATA[Starting ChromeDriver 92.0.4515.43 (8c61b7e2989f2990d42f859cac71319137787cce-refs/branch-heads/4515@{#306}) on port 23425
Only local connections are allowed.
Please see https://chromedriver.chromium.org/security-considerations for suggestions on keeping ChromeDriver safe.
ChromeDriver was started successfully.
júl. 28, 2021 10:35:37 DU org.openqa.selenium.remote.ProtocolHandshake createSession
INFO: Detected dialect: W3C
júl. 28, 2021 10:35:37 DU org.openqa.selenium.devtools.CdpVersionFinder findNearestMatch
WARNING: Unable to find an exact match for CDP version 92, so returning the closest version found: 91
júl. 28, 2021 10:35:37 DU org.openqa.selenium.devtools.CdpVersionFinder findNearestMatch
INFO: Found CDP implementation for version 92 of 91
]]></system-err>
</testsuite>
