<?xml version="1.0" encoding="UTF-8"?>
<testsuite name="TC_3_4_Login" tests="2" skipped="0" failures="0" errors="0" timestamp="2021-08-04T09:57:05" hostname="DESKTOP-UP60NKH" time="18.501">
  <properties/>
  <testcase name="login()" classname="TC_3_4_Login" time="11.074"/>
  <testcase name="loginFailed()" classname="TC_3_4_Login" time="7.418"/>
  <system-out><![CDATA[]]></system-out>
  <system-err><![CDATA[Starting ChromeDriver 92.0.4515.107 (87a818b10553a07434ea9e2b6dccf3cbe7895134-refs/branch-heads/4515@{#1634}) on port 42733
Only local connections are allowed.
Please see https://chromedriver.chromium.org/security-considerations for suggestions on keeping ChromeDriver safe.
ChromeDriver was started successfully.
aug. 04, 2021 11:57:04 DE org.openqa.selenium.remote.ProtocolHandshake createSession
INFO: Detected dialect: W3C
aug. 04, 2021 11:57:04 DE org.openqa.selenium.devtools.CdpVersionFinder findNearestMatch
WARNING: Unable to find an exact match for CDP version 92, so returning the closest version found: 91
aug. 04, 2021 11:57:04 DE org.openqa.selenium.devtools.CdpVersionFinder findNearestMatch
INFO: Found CDP implementation for version 92 of 91
aug. 04, 2021 11:57:26 DE org.openqa.selenium.os.OsProcess destroy
SEVERE: Unable to kill process java.lang.ProcessImpl@7af62ea8
]]></system-err>
</testsuite>
