<?xml version="1.0" encoding="UTF-8"?>
<testsuite name="TC_12_Saving_Data_From_The_Web_Application" tests="1" skipped="0" failures="0" errors="0" timestamp="2021-08-05T20:23:48" hostname="DESKTOP-UP60NKH" time="4.56">
  <properties/>
  <testcase name="saveDatas()" classname="TC_12_Saving_Data_From_The_Web_Application" time="4.56"/>
  <system-out><![CDATA[]]></system-out>
  <system-err><![CDATA[Starting ChromeDriver 92.0.4515.107 (87a818b10553a07434ea9e2b6dccf3cbe7895134-refs/branch-heads/4515@{#1634}) on port 6199
Only local connections are allowed.
Please see https://chromedriver.chromium.org/security-considerations for suggestions on keeping ChromeDriver safe.
ChromeDriver was started successfully.
aug. 05, 2021 10:23:48 DU org.openqa.selenium.remote.ProtocolHandshake createSession
INFO: Detected dialect: W3C
aug. 05, 2021 10:23:48 DU org.openqa.selenium.devtools.CdpVersionFinder findNearestMatch
WARNING: Unable to find an exact match for CDP version 92, so returning the closest version found: 91
aug. 05, 2021 10:23:48 DU org.openqa.selenium.devtools.CdpVersionFinder findNearestMatch
INFO: Found CDP implementation for version 92 of 91
]]></system-err>
</testsuite>
